Using pre-set license
Built from '2022.3/staging' branch; Version is '2022.3.30f1 (70558241b701) revision 7361922'; Using compiler version '192829333'; Build Type 'Release'
OS: 'Windows 11  (10.0.26100) 64bit Professional' Language: 'en' Physical Memory: 65315 MB
BatchMode: 1, IsHumanControllingUs: 0, StartBugReporterOnCrash: 0, Is64bit: 1, IsPro: 1

COMMAND LINE ARGUMENTS:
C:\Program Files\Unity\Hub\Editor\2022.3.30f1\Editor\Unity.exe
-adb2
-batchMode
-noUpm
-name
AssetImportWorker0
-projectPath
C:/Users/Nauti/OneDrive/Desktop/HRPlaza
-logFile
Logs/AssetImportWorker0.log
-srvPort
53791
Successfully changed project path to: C:/Users/Nauti/OneDrive/Desktop/HRPlaza
C:/Users/Nauti/OneDrive/Desktop/HRPlaza
[UnityMemory] Configuration Parameters - Can be set up in boot.config
    "memorysetup-bucket-allocator-granularity=16"
    "memorysetup-bucket-allocator-bucket-count=8"
    "memorysetup-bucket-allocator-block-size=33554432"
    "memorysetup-bucket-allocator-block-count=8"
    "memorysetup-main-allocator-block-size=16777216"
    "memorysetup-thread-allocator-block-size=16777216"
    "memorysetup-gfx-main-allocator-block-size=16777216"
    "memorysetup-gfx-thread-allocator-block-size=16777216"
    "memorysetup-cache-allocator-block-size=4194304"
    "memorysetup-typetree-allocator-block-size=2097152"
    "memorysetup-profiler-bucket-allocator-granularity=16"
    "memorysetup-profiler-bucket-allocator-bucket-count=8"
    "memorysetup-profiler-bucket-allocator-block-size=33554432"
    "memorysetup-profiler-bucket-allocator-block-count=8"
    "memorysetup-profiler-allocator-block-size=16777216"
    "memorysetup-profiler-editor-allocator-block-size=1048576"
    "memorysetup-temp-allocator-size-main=16777216"
    "memorysetup-job-temp-allocator-block-size=2097152"
    "memorysetup-job-temp-allocator-block-size-background=1048576"
    "memorysetup-job-temp-allocator-reduction-small-platforms=262144"
    "memorysetup-allocator-temp-initial-block-size-main=262144"
    "memorysetup-allocator-temp-initial-block-size-worker=262144"
    "memorysetup-temp-allocator-size-background-worker=32768"
    "memorysetup-temp-allocator-size-job-worker=262144"
    "memorysetup-temp-allocator-size-preload-manager=33554432"
    "memorysetup-temp-allocator-size-nav-mesh-worker=65536"
    "memorysetup-temp-allocator-size-audio-worker=65536"
    "memorysetup-temp-allocator-size-cloud-worker=32768"
    "memorysetup-temp-allocator-size-gi-baking-worker=262144"
    "memorysetup-temp-allocator-size-gfx=262144"
Player connection [31132] Host "[IP] 172.20.97.39 [Port] 0 [Flags] 2 [Guid] 574588597 [EditorId] 574588597 [Version] 1048832 [Id] WindowsEditor(7,VENGEANCE) [Debug] 1 [PackageName] WindowsEditor [ProjectName] Editor" joined multi-casting on [225.0.0.222:54997]...

Player connection [31132] Host "[IP] 172.20.97.39 [Port] 0 [Flags] 2 [Guid] 574588597 [EditorId] 574588597 [Version] 1048832 [Id] WindowsEditor(7,VENGEANCE) [Debug] 1 [PackageName] WindowsEditor [ProjectName] Editor" joined alternative multi-casting on [225.0.0.222:34997]...

[Physics::Module] Initialized MultithreadedJobDispatcher with 31 workers.
Refreshing native plugins compatible for Editor in 34.95 ms, found 8 plugins.
Preloading 0 native plugins for Editor in 0.00 ms.
Initialize engine version: 2022.3.30f1 (70558241b701)
[Subsystems] Discovering subsystems at path C:/Program Files/Unity/Hub/Editor/2022.3.30f1/Editor/Data/Resources/UnitySubsystems
[Subsystems] Discovering subsystems at path C:/Users/Nauti/OneDrive/Desktop/HRPlaza/Assets
GfxDevice: creating device client; threaded=0; jobified=0
Direct3D:
    Version:  Direct3D 11.0 [level 11.1]
    Renderer: NVIDIA GeForce RTX 4090 (ID=0x2684)
    Vendor:   NVIDIA
    VRAM:     24142 MB
    Driver:   32.0.15.6094
Initialize mono
Mono path[0] = 'C:/Program Files/Unity/Hub/Editor/2022.3.30f1/Editor/Data/Managed'
Mono path[1] = 'C:/Program Files/Unity/Hub/Editor/2022.3.30f1/Editor/Data/MonoBleedingEdge/lib/mono/unityjit-win32'
Mono config path = 'C:/Program Files/Unity/Hub/Editor/2022.3.30f1/Editor/Data/MonoBleedingEdge/etc'
Using monoOptions --debugger-agent=transport=dt_socket,embedding=1,server=y,suspend=n,address=127.0.0.1:56260
Begin MonoManager ReloadAssembly
Registering precompiled unity dll's ...
Register platform support module: C:/Program Files/Unity/Hub/Editor/2022.3.30f1/Editor/Data/PlaybackEngines/WebGLSupport/UnityEditor.WebGL.Extensions.dll
Register platform support module: C:/Program Files/Unity/Hub/Editor/2022.3.30f1/Editor/Data/PlaybackEngines/AndroidPlayer/UnityEditor.Android.Extensions.dll
Register platform support module: C:/Program Files/Unity/Hub/Editor/2022.3.30f1/Editor/Data/PlaybackEngines/iOSSupport/UnityEditor.iOS.Extensions.dll
Register platform support module: C:/Program Files/Unity/Hub/Editor/2022.3.30f1/Editor/Data/PlaybackEngines/WindowsStandaloneSupport/UnityEditor.WindowsStandalone.Extensions.dll
Register platform support module: C:/Program Files/Unity/Hub/Editor/2022.3.30f1/Editor/Data/PlaybackEngines/MetroSupport/UnityEditor.UWP.Extensions.dll
Registered in 0.008552 seconds.
- Loaded All Assemblies, in  0.208 seconds
Native extension for UWP target not found
Native extension for WindowsStandalone target not found
[usbmuxd] Start listen thread
[usbmuxd] Listen thread started
Native extension for iOS target not found
Native extension for Android target not found
Android Extension - Scanning For ADB Devices 178 ms
Native extension for WebGL target not found
Mono: successfully reloaded assembly
- Finished resetting the current domain, in  0.373 seconds
Domain Reload Profiling: 580ms
	BeginReloadAssembly (59ms)
		ExecutionOrderSort (0ms)
		DisableScriptedObjects (0ms)
		BackupInstance (0ms)
		ReleaseScriptingObjects (0ms)
		CreateAndSetChildDomain (0ms)
	RebuildCommonClasses (19ms)
	RebuildNativeTypeToScriptingClass (6ms)
	initialDomainReloadingComplete (38ms)
	LoadAllAssembliesAndSetupDomain (86ms)
		LoadAssemblies (58ms)
		RebuildTransferFunctionScriptingTraits (0ms)
		AnalyzeDomain (85ms)
			TypeCache.Refresh (83ms)
				TypeCache.ScanAssembly (75ms)
			ScanForSourceGeneratedMonoScriptInfo (0ms)
			ResolveRequiredComponents (0ms)
	FinalizeReload (373ms)
		ReleaseScriptCaches (0ms)
		RebuildScriptCaches (0ms)
		SetupLoadedEditorAssemblies (343ms)
			LogAssemblyErrors (0ms)
			InitializePlatformSupportModulesInManaged (258ms)
			SetLoadedEditorAssemblies (2ms)
			RefreshPlugins (0ms)
			BeforeProcessingInitializeOnLoad (1ms)
			ProcessInitializeOnLoadAttributes (58ms)
			ProcessInitializeOnLoadMethodAttributes (24ms)
			AfterProcessingInitializeOnLoad (0ms)
			EditorAssembliesLoaded (0ms)
		ExecutionOrderSort2 (0ms)
		AwakeInstancesAfterBackupRestoration (0ms)
========================================================================
Worker process is ready to serve import requests
Begin MonoManager ReloadAssembly
Symbol file LoadedFromMemory is not a mono symbol file
- Loaded All Assemblies, in  0.647 seconds
Refreshing native plugins compatible for Editor in 11.29 ms, found 8 plugins.
Native extension for UWP target not found
Native extension for WindowsStandalone target not found
Native extension for iOS target not found
Native extension for Android target not found
Native extension for WebGL target not found
Package Manager log level set to [2]
[Package Manager] Server::EnsureServerProcessIsRunning -- launch failed, reason: Unity was launched with the -noUpm command-line argument
[Package Manager] UpmClient::Send -- Unable to send message (not connected to UPM process).
[Package Manager] Cannot connect to Unity Package Manager local server
[MODES] ModeService[none].Initialize
[MODES] ModeService[none].LoadModes
[MODES] Loading mode Default (0) for mode-current-id-HighriseWorld
Mono: successfully reloaded assembly
- Finished resetting the current domain, in  0.702 seconds
Domain Reload Profiling: 1345ms
	BeginReloadAssembly (83ms)
		ExecutionOrderSort (0ms)
		DisableScriptedObjects (3ms)
		BackupInstance (0ms)
		ReleaseScriptingObjects (0ms)
		CreateAndSetChildDomain (12ms)
	RebuildCommonClasses (19ms)
	RebuildNativeTypeToScriptingClass (5ms)
	initialDomainReloadingComplete (33ms)
	LoadAllAssembliesAndSetupDomain (502ms)
		LoadAssemblies (305ms)
		RebuildTransferFunctionScriptingTraits (0ms)
		AnalyzeDomain (246ms)
			TypeCache.Refresh (203ms)
				TypeCache.ScanAssembly (186ms)
			ScanForSourceGeneratedMonoScriptInfo (34ms)
			ResolveRequiredComponents (7ms)
	FinalizeReload (703ms)
		ReleaseScriptCaches (0ms)
		RebuildScriptCaches (0ms)
		SetupLoadedEditorAssemblies (579ms)
			LogAssemblyErrors (0ms)
			InitializePlatformSupportModulesInManaged (24ms)
			SetLoadedEditorAssemblies (3ms)
			RefreshPlugins (0ms)
			BeforeProcessingInitializeOnLoad (59ms)
			ProcessInitializeOnLoadAttributes (318ms)
			ProcessInitializeOnLoadMethodAttributes (170ms)
			AfterProcessingInitializeOnLoad (5ms)
			EditorAssembliesLoaded (0ms)
		ExecutionOrderSort2 (0ms)
		AwakeInstancesAfterBackupRestoration (3ms)
Launched and connected shader compiler UnityShaderCompiler.exe after 0.04 seconds
Refreshing native plugins compatible for Editor in 12.37 ms, found 8 plugins.
Preloading 0 native plugins for Editor in 0.00 ms.
Unloading 7732 Unused Serialized files (Serialized files now loaded: 0)
Unloading 162 unused Assets / (0.7 MB). Loaded Objects now: 8514.
Memory consumption went from 360.0 MB to 359.3 MB.
Total: 6.957000 ms (FindLiveObjects: 0.309000 ms CreateObjectMapping: 0.128200 ms MarkObjects: 6.214500 ms  DeleteObjects: 0.304400 ms)

AssetImportParameters requested are different than current active one (requested -> active):
  custom:container-demuxer-ogg: 62fdf1f143b41e24485cea50d1cbac27 -> 
  custom:framework-win-MediaFoundation: 216162199b28c13a410421893ffa2e32 -> 
  custom:video-decoder-webm-vp8: 9c59270c3fd7afecdb556c50c9e8de78 -> 
  custom:SearchIndexIgnoredProperties: e643bd26f0fe6173181afceb89e7c659 -> 
  custom:audio-encoder-webm-vorbis: bf7c407c2cedff20999df2af8eb42d56 -> 
  custom:video-decoder-ogg-theora: a1e56fd34408186e4bbccfd4996cb3dc -> 
  custom:scripting/precompiled-assembly-types:com.pz.studio.generated: d9011b6976c24a0676148081e301db84 -> 254041cf355c5a4c618c56303f4a4ffe
  custom:container-muxer-webm: aa71ff27fc2769a1b78a27578f13a17b -> 
  custom:AudioImporter_EditorPlatform: d09bf68614088b80899f8185d706f6e7 -> 
  custom:audio-decoder-ogg-vorbis: bf7c407c2cedff20999df2af8eb42d56 -> 
  custom:video-codec-MediaFoundation-h265: 746d11721c4dcdbdad8f713fa42b33f4 -> 
  custom:CustomObjectIndexerAttribute: 72b91833f83ae208fae7752999fa3104 -> 
  custom:container-demuxer-webm: 4f35f7cbe854078d1ac9338744f61a02 -> 
  custom:video-encoder-webm-vp8: eb34c28f22e8b96e1ab97ce403110664 -> 
  custom:scripting/monoscript/fileName/AnimatedAnchor.cs:  -> aa8054964226d177e361be84b3f0aa5d
========================================================================
Received Prepare
Begin MonoManager ReloadAssembly
Symbol file LoadedFromMemory is not a mono symbol file
- Loaded All Assemblies, in  0.406 seconds
Refreshing native plugins compatible for Editor in 13.02 ms, found 8 plugins.
Native extension for UWP target not found
Native extension for WindowsStandalone target not found
Native extension for iOS target not found
Native extension for Android target not found
Native extension for WebGL target not found
[Package Manager] Server::EnsureServerProcessIsRunning -- launch failed, reason: Unity was launched with the -noUpm command-line argument
[Package Manager] UpmClient::Send -- Unable to send message (not connected to UPM process).
[Package Manager] Cannot connect to Unity Package Manager local server
System.Reflection.TargetInvocationException: Exception has been thrown by the target of an invocation. ---> System.IO.IOException: Sharing violation on path C:\Users\Nauti\OneDrive\Desktop\HRPlaza\Library\Highrise\StudioPatcherVersioning.json
  at System.IO.FileStream..ctor (System.String path, System.IO.FileMode mode, System.IO.FileAccess access, System.IO.FileShare share, System.Int32 bufferSize, System.Boolean anonymous, System.IO.FileOptions options) [0x0019e] in <467a840a914a47078e4ae9b0b1e8779e>:0 
  at System.IO.FileStream..ctor (System.String path, System.IO.FileMode mode, System.IO.FileAccess access, System.IO.FileShare share, System.Int32 bufferSize, System.IO.FileOptions options) [0x00000] in <467a840a914a47078e4ae9b0b1e8779e>:0 
  at (wrapper remoting-invoke-with-check) System.IO.FileStream..ctor(string,System.IO.FileMode,System.IO.FileAccess,System.IO.FileShare,int,System.IO.FileOptions)
  at System.IO.StreamWriter..ctor (System.String path, System.Boolean append, System.Text.Encoding encoding, System.Int32 bufferSize) [0x00055] in <467a840a914a47078e4ae9b0b1e8779e>:0 
  at System.IO.StreamWriter..ctor (System.String path) [0x00008] in <467a840a914a47078e4ae9b0b1e8779e>:0 
  at (wrapper remoting-invoke-with-check) System.IO.StreamWriter..ctor(string)
  at System.IO.File.WriteAllText (System.String path, System.String contents) [0x00026] in <467a840a914a47078e4ae9b0b1e8779e>:0 
  at Highrise.Studio.StudioUpdate.Dispose () [0x00025] in <3e8934565228465aab033879d61f8a7f>:0 
  at Highrise.Studio.StudioUpdate.PostInstallProcess () [0x0000b] in <3e8934565228465aab033879d61f8a7f>:0 
  at (wrapper managed-to-native) System.Reflection.RuntimeMethodInfo.InternalInvoke(System.Reflection.RuntimeMethodInfo,object,object[],System.Exception&)
  at System.Reflection.RuntimeMethodInfo.Invoke (System.Object obj, System.Reflection.BindingFlags invokeAttr, System.Reflection.Binder binder, System.Object[] parameters, System.Globalization.CultureInfo culture) [0x0006a] in <467a840a914a47078e4ae9b0b1e8779e>:0 
   --- End of inner exception stack trace ---
  at System.Reflection.RuntimeMethodInfo.Invoke (System.Object obj, System.Reflection.BindingFlags invokeAttr, System.Reflection.Binder binder, System.Object[] parameters, System.Globalization.CultureInfo culture) [0x00083] in <467a840a914a47078e4ae9b0b1e8779e>:0 
  at System.Reflection.MethodBase.Invoke (System.Object obj, System.Object[] parameters) [0x00000] in <467a840a914a47078e4ae9b0b1e8779e>:0 
  at UnityEditor.EditorAssemblies.ProcessInitializeOnLoadMethodAttributes () [0x000a5] in <e21ef1ad5a5e4c73a2048dac84671e33>:0 
UnityEngine.StackTraceUtility:ExtractStackTrace ()
UnityEngine.DebugLogHandler:LogFormat (UnityEngine.LogType,UnityEngine.Object,string,object[])
UnityEngine.Logger:Log (UnityEngine.LogType,object)
UnityEngine.Debug:LogError (object)
UnityEditor.EditorAssemblies:ProcessInitializeOnLoadMethodAttributes ()

[MODES] ModeService[none].Initialize
[MODES] ModeService[none].LoadModes
[MODES] Loading mode Default (0) for mode-current-id-HighriseWorld
Mono: successfully reloaded assembly
- Finished resetting the current domain, in  1.032 seconds
Domain Reload Profiling: 1434ms
	BeginReloadAssembly (120ms)
		ExecutionOrderSort (0ms)
		DisableScriptedObjects (3ms)
		BackupInstance (0ms)
		ReleaseScriptingObjects (0ms)
		CreateAndSetChildDomain (42ms)
	RebuildCommonClasses (19ms)
	RebuildNativeTypeToScriptingClass (6ms)
	initialDomainReloadingComplete (27ms)
	LoadAllAssembliesAndSetupDomain (230ms)
		LoadAssemblies (260ms)
		RebuildTransferFunctionScriptingTraits (0ms)
		AnalyzeDomain (16ms)
			TypeCache.Refresh (6ms)
				TypeCache.ScanAssembly (0ms)
			ScanForSourceGeneratedMonoScriptInfo (0ms)
			ResolveRequiredComponents (9ms)
	FinalizeReload (1033ms)
		ReleaseScriptCaches (0ms)
		RebuildScriptCaches (0ms)
		SetupLoadedEditorAssemblies (502ms)
			LogAssemblyErrors (0ms)
			InitializePlatformSupportModulesInManaged (21ms)
			SetLoadedEditorAssemblies (3ms)
			RefreshPlugins (0ms)
			BeforeProcessingInitializeOnLoad (58ms)
			ProcessInitializeOnLoadAttributes (276ms)
			ProcessInitializeOnLoadMethodAttributes (139ms)
			AfterProcessingInitializeOnLoad (4ms)
			EditorAssembliesLoaded (0ms)
		ExecutionOrderSort2 (0ms)
		AwakeInstancesAfterBackupRestoration (10ms)
Refreshing native plugins compatible for Editor in 11.02 ms, found 8 plugins.
Preloading 0 native plugins for Editor in 0.00 ms.
Unloading 7517 Unused Serialized files (Serialized files now loaded: 0)
Unloading 124 unused Assets / (0.7 MB). Loaded Objects now: 8536.
Memory consumption went from 286.7 MB to 286.0 MB.
Total: 6.073000 ms (FindLiveObjects: 0.316700 ms CreateObjectMapping: 0.127300 ms MarkObjects: 5.339100 ms  DeleteObjects: 0.289000 ms)

Prepare: number of updated asset objects reloaded= 7
AssetImportParameters requested are different than current active one (requested -> active):
  custom:container-demuxer-ogg: 62fdf1f143b41e24485cea50d1cbac27 -> 
  custom:framework-win-MediaFoundation: 216162199b28c13a410421893ffa2e32 -> 
  custom:video-decoder-webm-vp8: 9c59270c3fd7afecdb556c50c9e8de78 -> 
  custom:SearchIndexIgnoredProperties: e643bd26f0fe6173181afceb89e7c659 -> 
  custom:audio-encoder-webm-vorbis: bf7c407c2cedff20999df2af8eb42d56 -> 
  custom:video-decoder-ogg-theora: a1e56fd34408186e4bbccfd4996cb3dc -> 
  custom:container-muxer-webm: aa71ff27fc2769a1b78a27578f13a17b -> 
  custom:AudioImporter_EditorPlatform: d09bf68614088b80899f8185d706f6e7 -> 
  custom:audio-decoder-ogg-vorbis: bf7c407c2cedff20999df2af8eb42d56 -> 
  custom:video-codec-MediaFoundation-h265: 746d11721c4dcdbdad8f713fa42b33f4 -> 
  custom:CustomObjectIndexerAttribute: 72b91833f83ae208fae7752999fa3104 -> 
  custom:container-demuxer-webm: 4f35f7cbe854078d1ac9338744f61a02 -> 
  custom:video-encoder-webm-vp8: eb34c28f22e8b96e1ab97ce403110664 -> 
========================================================================
Received Import Request.
  Time since last request: 261073.601282 seconds.
  path: Assets/UI.uxmlf
  artifactKey: Guid(c65e086ed33db43afb0409648b512d14) Importer(815301076,1909f56bfc062723c751e8b465ee728b)
Start importing Assets/UI.uxmlf using Guid(c65e086ed33db43afb0409648b512d14) Importer(815301076,1909f56bfc062723c751e8b465ee728b)  -> (artifact id: '663b1d4b9ec246f825a4265e078e4113') in 0.005914 seconds
Number of updated asset objects reloaded before import = 7
Number of asset objects unloaded after import = 0
========================================================================
Received Import Request.
  Time since last request: 0.000013 seconds.
  path: Assets/WorldSceneJoystick.prefab
  artifactKey: Guid(911fa8abe91964a7bb438af98183ac59) Importer(815301076,1909f56bfc062723c751e8b465ee728b)
Start importing Assets/WorldSceneJoystick.prefab using Guid(911fa8abe91964a7bb438af98183ac59) Importer(815301076,1909f56bfc062723c751e8b465ee728b)  -> (artifact id: 'd7afbf52b94a79657463c83e3cc4bcfe') in 0.033709 seconds
Number of updated asset objects reloaded before import = 0
Number of asset objects unloaded after import = 65
========================================================================
Received Import Request.
  Time since last request: 699.439630 seconds.
  path: Assets/Downloads/Cute Park Pack/Cute Park Pack/Models/Bush_2_2.fbx
  artifactKey: Guid(fa33db778b49b7d4fb4e7d242c907786) Importer(815301076,1909f56bfc062723c751e8b465ee728b)
Start importing Assets/Downloads/Cute Park Pack/Cute Park Pack/Models/Bush_2_2.fbx using Guid(fa33db778b49b7d4fb4e7d242c907786) Importer(815301076,1909f56bfc062723c751e8b465ee728b)  -> (artifact id: '11f8054bfc20ac86415086ce7f0046e1') in 0.302499 seconds
Number of updated asset objects reloaded before import = 1
Number of asset objects unloaded after import = 28
========================================================================
Received Import Request.
  Time since last request: 0.000021 seconds.
  path: Assets/Downloads/Cute Park Pack/Cute Park Pack/Models/Grass_3_3.fbx
  artifactKey: Guid(8eed44898467fb4469890f38856579b3) Importer(815301076,1909f56bfc062723c751e8b465ee728b)
Start importing Assets/Downloads/Cute Park Pack/Cute Park Pack/Models/Grass_3_3.fbx using Guid(8eed44898467fb4469890f38856579b3) Importer(815301076,1909f56bfc062723c751e8b465ee728b)  -> (artifact id: '74fef61c172d8c9c2018daef5f7ee62a') in 0.015567 seconds
Number of updated asset objects reloaded before import = 0
Number of asset objects unloaded after import = 11
========================================================================
Received Import Request.
  Time since last request: 0.000021 seconds.
  path: Assets/Downloads/Cute Park Pack/Cute Park Pack/Models/Duck_2.fbx
  artifactKey: Guid(b01cf1042ef392c4081b5a72b278d79b) Importer(815301076,1909f56bfc062723c751e8b465ee728b)
Start importing Assets/Downloads/Cute Park Pack/Cute Park Pack/Models/Duck_2.fbx using Guid(b01cf1042ef392c4081b5a72b278d79b) Importer(815301076,1909f56bfc062723c751e8b465ee728b)  -> (artifact id: 'e710291b24deaf842d0c778302ddc8e4') in 0.016122 seconds
Number of updated asset objects reloaded before import = 0
Number of asset objects unloaded after import = 11
========================================================================
Received Import Request.
  Time since last request: 0.000017 seconds.
  path: Assets/Downloads/Cute Park Pack/Cute Park Pack/Models/Grass_4_1.fbx
  artifactKey: Guid(4eab5305d464ce64789130291d017b09) Importer(815301076,1909f56bfc062723c751e8b465ee728b)
Start importing Assets/Downloads/Cute Park Pack/Cute Park Pack/Models/Grass_4_1.fbx using Guid(4eab5305d464ce64789130291d017b09) Importer(815301076,1909f56bfc062723c751e8b465ee728b)  -> (artifact id: 'f5ce00cedf4a8616c2abbbe5c5a18875') in 0.015941 seconds
Number of updated asset objects reloaded before import = 0
Number of asset objects unloaded after import = 11
========================================================================
Received Import Request.
  Time since last request: 0.000016 seconds.
  path: Assets/Downloads/Cute Park Pack/Cute Park Pack/Models/Flower_1_2.fbx
  artifactKey: Guid(3f100272531e2ee4fae02c56ea507354) Importer(815301076,1909f56bfc062723c751e8b465ee728b)
Start importing Assets/Downloads/Cute Park Pack/Cute Park Pack/Models/Flower_1_2.fbx using Guid(3f100272531e2ee4fae02c56ea507354) Importer(815301076,1909f56bfc062723c751e8b465ee728b)  -> (artifact id: '44fb7aa5076263ab491018b891a6eab6') in 0.014908 seconds
Number of updated asset objects reloaded before import = 0
Number of asset objects unloaded after import = 11
========================================================================
Received Import Request.
  Time since last request: 0.000017 seconds.
  path: Assets/Downloads/Cute Park Pack/Cute Park Pack/Models/Duck_1.fbx
  artifactKey: Guid(8ecdbac0231751f4282f6c39ec231363) Importer(815301076,1909f56bfc062723c751e8b465ee728b)
Start importing Assets/Downloads/Cute Park Pack/Cute Park Pack/Models/Duck_1.fbx using Guid(8ecdbac0231751f4282f6c39ec231363) Importer(815301076,1909f56bfc062723c751e8b465ee728b)  -> (artifact id: '7d0c4a7faa9cb24d7d849c0c15174b84') in 0.015333 seconds
Number of updated asset objects reloaded before import = 0
Number of asset objects unloaded after import = 11
========================================================================
Received Import Request.
  Time since last request: 0.000017 seconds.
  path: Assets/Downloads/Cute Park Pack/Cute Park Pack/Models/Grass_4_2.fbx
  artifactKey: Guid(a0638798c96dae8488f05e3686f9c6a1) Importer(815301076,1909f56bfc062723c751e8b465ee728b)
Start importing Assets/Downloads/Cute Park Pack/Cute Park Pack/Models/Grass_4_2.fbx using Guid(a0638798c96dae8488f05e3686f9c6a1) Importer(815301076,1909f56bfc062723c751e8b465ee728b)  -> (artifact id: 'f64b74cdd15bb627af34177d43819ff4') in 0.015845 seconds
Number of updated asset objects reloaded before import = 0
Number of asset objects unloaded after import = 11
========================================================================
Received Import Request.
  Time since last request: 0.000021 seconds.
  path: Assets/Downloads/Cute Park Pack/Cute Park Pack/Models/Fountain_1_1.fbx
  artifactKey: Guid(74ef2784cb30760459551818feb6b4ea) Importer(815301076,1909f56bfc062723c751e8b465ee728b)
Start importing Assets/Downloads/Cute Park Pack/Cute Park Pack/Models/Fountain_1_1.fbx using Guid(74ef2784cb30760459551818feb6b4ea) Importer(815301076,1909f56bfc062723c751e8b465ee728b)  -> (artifact id: '8918b7fdc0d98044f28f4b4aa3c1c52e') in 0.027907 seconds
Number of updated asset objects reloaded before import = 0
Number of asset objects unloaded after import = 14
========================================================================
Received Import Request.
  Time since last request: 0.000017 seconds.
  path: Assets/Downloads/Cute Park Pack/Cute Park Pack/Models/Grass_2_4.fbx
  artifactKey: Guid(ba2c9616ec9b64a459c2a90f927f6425) Importer(815301076,1909f56bfc062723c751e8b465ee728b)
Start importing Assets/Downloads/Cute Park Pack/Cute Park Pack/Models/Grass_2_4.fbx using Guid(ba2c9616ec9b64a459c2a90f927f6425) Importer(815301076,1909f56bfc062723c751e8b465ee728b)  -> (artifact id: '9d1ae2a34e0ab5a1e6270e2bbcd7a2be') in 0.014503 seconds
Number of updated asset objects reloaded before import = 0
Number of asset objects unloaded after import = 11
========================================================================
Received Import Request.
  Time since last request: 0.000015 seconds.
  path: Assets/Downloads/Cute Park Pack/Cute Park Pack/Models/GrassFloor_InnerCorner_2.fbx
  artifactKey: Guid(f3ba5deab1f2bd044bef16b164040202) Importer(815301076,1909f56bfc062723c751e8b465ee728b)
Start importing Assets/Downloads/Cute Park Pack/Cute Park Pack/Models/GrassFloor_InnerCorner_2.fbx using Guid(f3ba5deab1f2bd044bef16b164040202) Importer(815301076,1909f56bfc062723c751e8b465ee728b)  -> (artifact id: 'bc17568fd4747f6d4862bfa4c3b7da1a') in 0.014354 seconds
Number of updated asset objects reloaded before import = 0
Number of asset objects unloaded after import = 11
========================================================================
Received Import Request.
  Time since last request: 0.000019 seconds.
  path: Assets/Downloads/Cute Park Pack/Cute Park Pack/Models/Grass_3_4.fbx
  artifactKey: Guid(acd5a6d3b7d58234d9bb90debcd98e6b) Importer(815301076,1909f56bfc062723c751e8b465ee728b)
Start importing Assets/Downloads/Cute Park Pack/Cute Park Pack/Models/Grass_3_4.fbx using Guid(acd5a6d3b7d58234d9bb90debcd98e6b) Importer(815301076,1909f56bfc062723c751e8b465ee728b)  -> (artifact id: '58504402a49d4acb4641dc2aa722a478') in 0.014683 seconds
Number of updated asset objects reloaded before import = 0
Number of asset objects unloaded after import = 11
========================================================================
Received Import Request.
  Time since last request: 0.000016 seconds.
  path: Assets/Downloads/Cute Park Pack/Cute Park Pack/Models/GrassFloor_InnerCorner_3.fbx
  artifactKey: Guid(1b96eba2772e34b46862faa87d0336f8) Importer(815301076,1909f56bfc062723c751e8b465ee728b)
Start importing Assets/Downloads/Cute Park Pack/Cute Park Pack/Models/GrassFloor_InnerCorner_3.fbx using Guid(1b96eba2772e34b46862faa87d0336f8) Importer(815301076,1909f56bfc062723c751e8b465ee728b)  -> (artifact id: 'ae347a11b1b7a843cd8576f2beb3bc58') in 0.015894 seconds
Number of updated asset objects reloaded before import = 0
Number of asset objects unloaded after import = 11
========================================================================
Received Import Request.
  Time since last request: 0.000024 seconds.
  path: Assets/Downloads/Cute Park Pack/Cute Park Pack/Models/GrassFloor_Corner_2.fbx
  artifactKey: Guid(6aa12d220a1661d489cfbfcfa753b3fc) Importer(815301076,1909f56bfc062723c751e8b465ee728b)
Start importing Assets/Downloads/Cute Park Pack/Cute Park Pack/Models/GrassFloor_Corner_2.fbx using Guid(6aa12d220a1661d489cfbfcfa753b3fc) Importer(815301076,1909f56bfc062723c751e8b465ee728b)  -> (artifact id: 'caaf503d5db2ef7eed396d17cb0c33f1') in 0.013880 seconds
Number of updated asset objects reloaded before import = 0
Number of asset objects unloaded after import = 11
========================================================================
Received Import Request.
  Time since last request: 0.000015 seconds.
  path: Assets/Downloads/Cute Park Pack/Cute Park Pack/Models/Flower_1_6.fbx
  artifactKey: Guid(e43ade55cb47bef44aecfd73ebb131a5) Importer(815301076,1909f56bfc062723c751e8b465ee728b)
Start importing Assets/Downloads/Cute Park Pack/Cute Park Pack/Models/Flower_1_6.fbx using Guid(e43ade55cb47bef44aecfd73ebb131a5) Importer(815301076,1909f56bfc062723c751e8b465ee728b)  -> (artifact id: '55090e26f88e01f2d3650acc00c4cbd6') in 0.016080 seconds
Number of updated asset objects reloaded before import = 0
Number of asset objects unloaded after import = 11
========================================================================
Received Import Request.
  Time since last request: 0.000016 seconds.
  path: Assets/Downloads/Cute Park Pack/Cute Park Pack/Models/Grass_1_4.fbx
  artifactKey: Guid(64de5f4ceb8c1b6408bd8faabb7d7e5f) Importer(815301076,1909f56bfc062723c751e8b465ee728b)
Start importing Assets/Downloads/Cute Park Pack/Cute Park Pack/Models/Grass_1_4.fbx using Guid(64de5f4ceb8c1b6408bd8faabb7d7e5f) Importer(815301076,1909f56bfc062723c751e8b465ee728b)  -> (artifact id: '7a191bbb84b1fdfe6bd07ac156d5ad5a') in 0.016638 seconds
Number of updated asset objects reloaded before import = 0
Number of asset objects unloaded after import = 11
========================================================================
Received Import Request.
  Time since last request: 0.000015 seconds.
  path: Assets/Downloads/Cute Park Pack/Cute Park Pack/Models/Grass_1_1.fbx
  artifactKey: Guid(075117e2def717e46b230a207262ea9e) Importer(815301076,1909f56bfc062723c751e8b465ee728b)
Start importing Assets/Downloads/Cute Park Pack/Cute Park Pack/Models/Grass_1_1.fbx using Guid(075117e2def717e46b230a207262ea9e) Importer(815301076,1909f56bfc062723c751e8b465ee728b)  -> (artifact id: 'f8da45959f3fc9673e99eebef1f38634') in 0.014590 seconds
Number of updated asset objects reloaded before import = 0
Number of asset objects unloaded after import = 11
========================================================================
Received Import Request.
  Time since last request: 0.000017 seconds.
  path: Assets/Downloads/Cute Park Pack/Cute Park Pack/Models/GrassHill_1.fbx
  artifactKey: Guid(0b9ed3d5ea8f93c4b8290872b265b851) Importer(815301076,1909f56bfc062723c751e8b465ee728b)
Start importing Assets/Downloads/Cute Park Pack/Cute Park Pack/Models/GrassHill_1.fbx using Guid(0b9ed3d5ea8f93c4b8290872b265b851) Importer(815301076,1909f56bfc062723c751e8b465ee728b)  -> (artifact id: 'db2a9d44c38e74931e08d3db8da77220') in 0.016944 seconds
Number of updated asset objects reloaded before import = 0
Number of asset objects unloaded after import = 11
========================================================================
Received Import Request.
  Time since last request: 0.000016 seconds.
  path: Assets/Downloads/Cute Park Pack/Cute Park Pack/Models/Flower_1_3.fbx
  artifactKey: Guid(db2d4ccd7ceb4a6499f2d28092eba958) Importer(815301076,1909f56bfc062723c751e8b465ee728b)
Start importing Assets/Downloads/Cute Park Pack/Cute Park Pack/Models/Flower_1_3.fbx using Guid(db2d4ccd7ceb4a6499f2d28092eba958) Importer(815301076,1909f56bfc062723c751e8b465ee728b)  -> (artifact id: '785f17c1608d97a43d7e961b60b32e3a') in 0.014991 seconds
Number of updated asset objects reloaded before import = 0
Number of asset objects unloaded after import = 11
========================================================================
Received Import Request.
  Time since last request: 0.000022 seconds.
  path: Assets/Downloads/Cute Park Pack/Cute Park Pack/Models/Grass_2_2.fbx
  artifactKey: Guid(0c1581dc8a568844cb039943e4710f27) Importer(815301076,1909f56bfc062723c751e8b465ee728b)
Start importing Assets/Downloads/Cute Park Pack/Cute Park Pack/Models/Grass_2_2.fbx using Guid(0c1581dc8a568844cb039943e4710f27) Importer(815301076,1909f56bfc062723c751e8b465ee728b)  -> (artifact id: 'c93b31a6d1fd3d668c08fd18982c7950') in 0.014413 seconds
Number of updated asset objects reloaded before import = 0
Number of asset objects unloaded after import = 11
========================================================================
Received Import Request.
  Time since last request: 0.000015 seconds.
  path: Assets/Downloads/Cute Park Pack/Cute Park Pack/Models/Flower_1_5.fbx
  artifactKey: Guid(ae621c6e517146042aa6cefdbfb3e464) Importer(815301076,1909f56bfc062723c751e8b465ee728b)
Start importing Assets/Downloads/Cute Park Pack/Cute Park Pack/Models/Flower_1_5.fbx using Guid(ae621c6e517146042aa6cefdbfb3e464) Importer(815301076,1909f56bfc062723c751e8b465ee728b)  -> (artifact id: '2f90b78a8a3ec8cf59e95410f420efe4') in 0.014528 seconds
Number of updated asset objects reloaded before import = 0
Number of asset objects unloaded after import = 11
