Unity Editor version:    2022.3.30f1 (70558241b701)
Branch:                  2022.3/staging
Build type:              Release
Batch mode:              YES
macOS version:           Version 14.6.1 (Build 23G93)
Darwin version:          23.6.0
Architecture:            arm64
Running under Rosetta:   NO
Available memory:        16384 MB
Using pre-set license
Pro License: YES

COMMAND LINE ARGUMENTS:
/Applications/Unity/Hub/Editor/2022.3.30f1/Unity.app/Contents/MacOS/Unity
-adb2
-batchMode
-noUpm
-name
AssetImportWorker1
-projectPath
/Users/annmanly/Downloads/Highrise Studio Projects/HRPlazaGit
-logFile
Logs/AssetImportWorker1.log
-srvPort
62990
Successfully changed project path to: /Users/annmanly/Downloads/Highrise Studio Projects/HRPlazaGit
/Users/annmanly/Downloads/Highrise Studio Projects/HRPlazaGit
[UnityMemory] Configuration Parameters - Can be set up in boot.config
    "memorysetup-bucket-allocator-granularity=16"
    "memorysetup-bucket-allocator-bucket-count=8"
    "memorysetup-bucket-allocator-block-size=33554432"
    "memorysetup-bucket-allocator-block-count=8"
    "memorysetup-main-allocator-block-size=16777216"
    "memorysetup-thread-allocator-block-size=16777216"
    "memorysetup-gfx-main-allocator-block-size=16777216"
    "memorysetup-gfx-thread-allocator-block-size=16777216"
    "memorysetup-cache-allocator-block-size=4194304"
    "memorysetup-typetree-allocator-block-size=2097152"
    "memorysetup-profiler-bucket-allocator-granularity=16"
    "memorysetup-profiler-bucket-allocator-bucket-count=8"
    "memorysetup-profiler-bucket-allocator-block-size=33554432"
    "memorysetup-profiler-bucket-allocator-block-count=8"
    "memorysetup-profiler-allocator-block-size=16777216"
    "memorysetup-profiler-editor-allocator-block-size=1048576"
    "memorysetup-temp-allocator-size-main=16777216"
    "memorysetup-job-temp-allocator-block-size=2097152"
    "memorysetup-job-temp-allocator-block-size-background=1048576"
    "memorysetup-job-temp-allocator-reduction-small-platforms=262144"
    "memorysetup-allocator-temp-initial-block-size-main=262144"
    "memorysetup-allocator-temp-initial-block-size-worker=262144"
    "memorysetup-temp-allocator-size-background-worker=32768"
    "memorysetup-temp-allocator-size-job-worker=262144"
    "memorysetup-temp-allocator-size-preload-manager=33554432"
    "memorysetup-temp-allocator-size-nav-mesh-worker=65536"
    "memorysetup-temp-allocator-size-audio-worker=65536"
    "memorysetup-temp-allocator-size-cloud-worker=32768"
    "memorysetup-temp-allocator-size-gi-baking-worker=262144"
    "memorysetup-temp-allocator-size-gfx=262144"
Player connection [8344964928] Host "[IP] 192.168.1.5 [Port] 0 [Flags] 2 [Guid] 3291132408 [EditorId] 3291132408 [Version] 1048832 [Id] OSXEditor(0,MacBook-Pro.local) [Debug] 1 [PackageName] OSXEditor [ProjectName] Editor" joined multi-casting on [225.0.0.222:54997]...

Player connection [8344964928] Host "[IP] 192.168.1.5 [Port] 0 [Flags] 2 [Guid] 3291132408 [EditorId] 3291132408 [Version] 1048832 [Id] OSXEditor(0,MacBook-Pro.local) [Debug] 1 [PackageName] OSXEditor [ProjectName] Editor" joined alternative multi-casting on [225.0.0.222:34997]...

[Physics::Module] Initialized MultithreadedJobDispatcher with 7 workers.
Refreshing native plugins compatible for Editor in 65.43 ms, found 5 plugins.
Preloading 0 native plugins for Editor in 0.00 ms.
Initialize engine version: 2022.3.30f1 (70558241b701)
[Subsystems] Discovering subsystems at path /Applications/Unity/Hub/Editor/2022.3.30f1/Unity.app/Contents/Resources/UnitySubsystems
[Subsystems] Discovering subsystems at path /Users/annmanly/Downloads/Highrise Studio Projects/HRPlazaGit/Assets
GfxDevice: creating device client; threaded=0; jobified=0
 preferred device: Apple M2 (high power)
Metal devices available: 1
0: Apple M2 (high power)
Using device Apple M2 (high power)
Initializing Metal device caps: Apple M2
Initialize mono
Mono path[0] = '/Applications/Unity/Hub/Editor/2022.3.30f1/Unity.app/Contents/Managed'
Mono path[1] = '/Applications/Unity/Hub/Editor/2022.3.30f1/Unity.app/Contents/MonoBleedingEdge/lib/mono/unityjit-macos'
Mono config path = '/Applications/Unity/Hub/Editor/2022.3.30f1/Unity.app/Contents/MonoBleedingEdge/etc'
Using monoOptions --debugger-agent=transport=dt_socket,embedding=1,server=y,suspend=n,address=127.0.0.1:56190
Begin MonoManager ReloadAssembly
Registering precompiled unity dll's ...
Register platform support module: /Applications/Unity/Hub/Editor/2022.3.30f1/Unity.app/Contents/PlaybackEngines/MacStandaloneSupport/UnityEditor.OSXStandalone.Extensions.dll
Registered in 0.002380 seconds.
- Loaded All Assemblies, in  0.276 seconds
Native extension for OSXStandalone target not found
Mono: successfully reloaded assembly
- Finished resetting the current domain, in  0.171 seconds
Domain Reload Profiling: 446ms
	BeginReloadAssembly (98ms)
		ExecutionOrderSort (0ms)
		DisableScriptedObjects (0ms)
		BackupInstance (0ms)
		ReleaseScriptingObjects (0ms)
		CreateAndSetChildDomain (1ms)
	RebuildCommonClasses (22ms)
	RebuildNativeTypeToScriptingClass (8ms)
	initialDomainReloadingComplete (38ms)
	LoadAllAssembliesAndSetupDomain (109ms)
		LoadAssemblies (98ms)
		RebuildTransferFunctionScriptingTraits (0ms)
		AnalyzeDomain (108ms)
			TypeCache.Refresh (107ms)
				TypeCache.ScanAssembly (92ms)
			ScanForSourceGeneratedMonoScriptInfo (0ms)
			ResolveRequiredComponents (0ms)
	FinalizeReload (171ms)
		ReleaseScriptCaches (0ms)
		RebuildScriptCaches (0ms)
		SetupLoadedEditorAssemblies (127ms)
			LogAssemblyErrors (0ms)
			InitializePlatformSupportModulesInManaged (4ms)
			SetLoadedEditorAssemblies (4ms)
			RefreshPlugins (0ms)
			BeforeProcessingInitializeOnLoad (1ms)
			ProcessInitializeOnLoadAttributes (82ms)
			ProcessInitializeOnLoadMethodAttributes (35ms)
			AfterProcessingInitializeOnLoad (0ms)
			EditorAssembliesLoaded (0ms)
		ExecutionOrderSort2 (0ms)
		AwakeInstancesAfterBackupRestoration (0ms)
========================================================================
Worker process is ready to serve import requests
Begin MonoManager ReloadAssembly
Symbol file LoadedFromMemory is not a mono symbol file
- Loaded All Assemblies, in  1.326 seconds
Refreshing native plugins compatible for Editor in 7.07 ms, found 5 plugins.
Native extension for OSXStandalone target not found
Package Manager log level set to [2]
[Package Manager] Server::EnsureServerProcessIsRunning -- launch failed, reason: Unity was launched with the -noUpm command-line argument
[Package Manager] UpmClient::Send -- Unable to send message (not connected to UPM process).
[Package Manager] Cannot connect to Unity Package Manager local server
[MODES] ModeService[none].Initialize
[MODES] ModeService[none].LoadModes
[MODES] Loading mode Default (0) for mode-current-id-HighriseWorld
Mono: successfully reloaded assembly
- Finished resetting the current domain, in  1.975 seconds
Domain Reload Profiling: 3313ms
	BeginReloadAssembly (378ms)
		ExecutionOrderSort (0ms)
		DisableScriptedObjects (3ms)
		BackupInstance (0ms)
		ReleaseScriptingObjects (1ms)
		CreateAndSetChildDomain (265ms)
	RebuildCommonClasses (32ms)
	RebuildNativeTypeToScriptingClass (7ms)
	initialDomainReloadingComplete (68ms)
	LoadAllAssembliesAndSetupDomain (852ms)
		LoadAssemblies (449ms)
		RebuildTransferFunctionScriptingTraits (0ms)
		AnalyzeDomain (444ms)
			TypeCache.Refresh (376ms)
				TypeCache.ScanAssembly (332ms)
			ScanForSourceGeneratedMonoScriptInfo (49ms)
			ResolveRequiredComponents (16ms)
	FinalizeReload (1976ms)
		ReleaseScriptCaches (0ms)
		RebuildScriptCaches (0ms)
		SetupLoadedEditorAssemblies (1733ms)
			LogAssemblyErrors (0ms)
			InitializePlatformSupportModulesInManaged (4ms)
			SetLoadedEditorAssemblies (4ms)
			RefreshPlugins (0ms)
			BeforeProcessingInitializeOnLoad (103ms)
			ProcessInitializeOnLoadAttributes (788ms)
			ProcessInitializeOnLoadMethodAttributes (832ms)
			AfterProcessingInitializeOnLoad (2ms)
			EditorAssembliesLoaded (1ms)
		ExecutionOrderSort2 (0ms)
		AwakeInstancesAfterBackupRestoration (4ms)
Launching external process: /Applications/Unity/Hub/Editor/2022.3.30f1/Unity.app/Contents/Tools/UnityShaderCompiler
Launched and connected shader compiler UnityShaderCompiler after 0.80 seconds
Refreshing native plugins compatible for Editor in 26.58 ms, found 5 plugins.
Preloading 0 native plugins for Editor in 0.00 ms.
Unloading 7746 Unused Serialized files (Serialized files now loaded: 0)
Unloading 166 unused Assets / (0.7 MB). Loaded Objects now: 8511.
Memory consumption went from 372.5 MB to 371.8 MB.
Total: 291.473084 ms (FindLiveObjects: 0.574916 ms CreateObjectMapping: 0.761250 ms MarkObjects: 288.485500 ms  DeleteObjects: 1.650792 ms)

AssetImportParameters requested are different than current active one (requested -> active):
  custom:container-demuxer-ogg: 62fdf1f143b41e24485cea50d1cbac27 -> 
  custom:video-decoder-webm-vp8: 9c59270c3fd7afecdb556c50c9e8de78 -> 
  custom:SearchIndexIgnoredProperties: e643bd26f0fe6173181afceb89e7c659 -> 
  custom:audio-encoder-webm-vorbis: bf7c407c2cedff20999df2af8eb42d56 -> 
  custom:video-decoder-ogg-theora: a1e56fd34408186e4bbccfd4996cb3dc -> 
  custom:framework-osx-AVFoundation: e770b220cccbd017edd2c1fefb359320 -> 
  custom:container-muxer-webm: aa71ff27fc2769a1b78a27578f13a17b -> 
  custom:AudioImporter_EditorPlatform: 3918e3fc78b5a79bad01e8451be0beb8 -> 
  custom:audio-decoder-ogg-vorbis: bf7c407c2cedff20999df2af8eb42d56 -> 
  custom:CustomObjectIndexerAttribute: 72b91833f83ae208fae7752999fa3104 -> 
  custom:container-demuxer-webm: 4f35f7cbe854078d1ac9338744f61a02 -> 
  custom:video-encoder-webm-vp8: eb34c28f22e8b96e1ab97ce403110664 -> 
========================================================================
Received Prepare
Begin MonoManager ReloadAssembly
Thread 0x345807000 may have been prematurely finalized
Symbol file LoadedFromMemory is not a mono symbol file
- Loaded All Assemblies, in  0.594 seconds
Refreshing native plugins compatible for Editor in 4.10 ms, found 5 plugins.
Native extension for OSXStandalone target not found
[Package Manager] Server::EnsureServerProcessIsRunning -- launch failed, reason: Unity was launched with the -noUpm command-line argument
[Package Manager] UpmClient::Send -- Unable to send message (not connected to UPM process).
[Package Manager] Cannot connect to Unity Package Manager local server
[MODES] ModeService[none].Initialize
[MODES] ModeService[none].LoadModes
[MODES] Loading mode Default (0) for mode-current-id-HighriseWorld
Mono: successfully reloaded assembly
- Finished resetting the current domain, in  1.076 seconds
Domain Reload Profiling: 1671ms
	BeginReloadAssembly (274ms)
		ExecutionOrderSort (0ms)
		DisableScriptedObjects (4ms)
		BackupInstance (0ms)
		ReleaseScriptingObjects (0ms)
		CreateAndSetChildDomain (193ms)
	RebuildCommonClasses (23ms)
	RebuildNativeTypeToScriptingClass (9ms)
	initialDomainReloadingComplete (29ms)
	LoadAllAssembliesAndSetupDomain (259ms)
		LoadAssemblies (255ms)
		RebuildTransferFunctionScriptingTraits (0ms)
		AnalyzeDomain (35ms)
			TypeCache.Refresh (10ms)
				TypeCache.ScanAssembly (0ms)
			ScanForSourceGeneratedMonoScriptInfo (0ms)
			ResolveRequiredComponents (24ms)
	FinalizeReload (1077ms)
		ReleaseScriptCaches (0ms)
		RebuildScriptCaches (0ms)
		SetupLoadedEditorAssemblies (633ms)
			LogAssemblyErrors (0ms)
			InitializePlatformSupportModulesInManaged (4ms)
			SetLoadedEditorAssemblies (4ms)
			RefreshPlugins (0ms)
			BeforeProcessingInitializeOnLoad (59ms)
			ProcessInitializeOnLoadAttributes (323ms)
			ProcessInitializeOnLoadMethodAttributes (242ms)
			AfterProcessingInitializeOnLoad (1ms)
			EditorAssembliesLoaded (1ms)
		ExecutionOrderSort2 (0ms)
		AwakeInstancesAfterBackupRestoration (11ms)
Script is not up to date after domain reload: guid(d2f4b5385c1d09511319caef12c6878f) path("Packages/com.pz.studio.generated/Runtime/Highrise.Lua.Generated/TweenModule.cs") state(2)
Script is not up to date after domain reload: guid(b60064763c60d95101d4e4e2bd0ceec2) path("Packages/com.pz.studio.generated/Runtime/Highrise.Lua.Generated/OpenClosetObject.cs") state(2)
Script is not up to date after domain reload: guid(c19d57b976e35001c085e35ca7ab3971) path("Packages/com.pz.studio.generated/Runtime/Highrise.Lua.Generated/RotateObject.cs") state(2)
Script is not up to date after domain reload: guid(7a4b067b73514531610d296ecd6a9a73) path("Packages/com.pz.studio.generated/Runtime/Highrise.Lua.Generated/FirstPersonCamera.cs") state(2)
Script is not up to date after domain reload: guid(75cdd00e079fb4ac823005753bd5df0f) path("Packages/com.pz.studio.generated/Runtime/Highrise.Lua.Generated/HighriseCamera.cs") state(2)
Script is not up to date after domain reload: guid(acede82b24c448219294c8929a0e5e36) path("Packages/com.pz.studio.generated/Runtime/Highrise.Lua.Generated/FountainWishes.cs") state(2)
Script is not up to date after domain reload: guid(49de2287f930a2a1c333382ef70aff7e) path("Packages/com.pz.studio.generated/Runtime/Highrise.Lua.Generated/PlayerCharacterController.cs") state(2)
Script is not up to date after domain reload: guid(25af4b2aa2f9b4ef82eb47596b9697c5) path("Packages/com.pz.studio.generated/Runtime/Highrise.Lua.Generated/GeneralChat.cs") state(2)
Script is not up to date after domain reload: guid(89e7d82223c1a6a15043ed42dc619454) path("Packages/com.pz.studio.generated/Runtime/Highrise.Lua.Generated/VeryImportantMusic.cs") state(2)
Script is not up to date after domain reload: guid(d886ae845477c911e1051edadca1f339) path("Packages/com.pz.studio.generated/Runtime/Highrise.Lua.Generated/PlaySound.cs") state(2)
Script is not up to date after domain reload: guid(cf61911e3da0644e5197739b5a40f369) path("Packages/com.pz.studio.generated/Runtime/Highrise.Lua.Generated/HighriseCameraController.cs") state(2)
Script is not up to date after domain reload: guid(f6eef0fa7e9f0a3121c2e9e4cbf8102d) path("Packages/com.pz.studio.generated/Runtime/Highrise.Lua.Generated/TicTacToeManager.cs") state(2)
Script is not up to date after domain reload: guid(b5601c8485d0edf1211694810acdd013) path("Packages/com.pz.studio.generated/Runtime/Highrise.Lua.Generated/ScaleObject.cs") state(2)
Script is not up to date after domain reload: guid(8fd60ceae46efcc1839570fa489d85ce) path("Packages/com.pz.studio.generated/Runtime/Highrise.Lua.Generated/MoveObject.cs") state(2)
Script is not up to date after domain reload: guid(db1d01eb876b7c4123fa8a2b81eb0c97) path("Packages/com.pz.studio.generated/Runtime/Highrise.Lua.Generated/DeepLink.cs") state(2)
Script is not up to date after domain reload: guid(9249175761cde7a1728fc82225bd82e2) path("Packages/com.pz.studio.generated/Runtime/Highrise.Lua.Generated/ThirdPersonCamera.cs") state(2)
Script is not up to date after domain reload: guid(815613903ee4d485c1aa13fb5a4e43f0) path("Packages/com.pz.studio.generated/Runtime/Highrise.Lua.Generated/LongPressMiniProfileController.cs") state(2)
Script is not up to date after domain reload: guid(7f9e9fd5f7432d61f27740ae6fb63ebb) path("Packages/com.pz.studio.generated/Runtime/Highrise.Lua.Generated/PlayMusic.cs") state(2)
Script is not up to date after domain reload: guid(8635b4592f05a6d1d2533d42b4a527f5) path("Packages/com.pz.studio.generated/Runtime/Highrise.Lua.Generated/SimpleBillboard.cs") state(2)
Script is not up to date after domain reload: guid(320172ca03d74341f19049591bddc166) path("Packages/com.pz.studio.generated/Runtime/Highrise.Lua.Generated/PlayerCharacterSpawner.cs") state(2)
Script is not up to date after domain reload: guid(996dacbe3fce245192dbdc1a4df452c7) path("Packages/com.pz.studio.generated/Runtime/Highrise.Lua.Generated/MoveTowardPlayer.cs") state(2)
Script is not up to date after domain reload: guid(976e221c1c7d04cd506e4a333b9d0f57) path("Packages/com.pz.studio.generated/Runtime/Highrise.Lua.Generated/JoystickCharacterController.cs") state(2)
Script is not up to date after domain reload: guid(387cd6b69d281fa1a0748815255f7b8d) path("Packages/com.pz.studio.generated/Runtime/Highrise.Lua.Generated/RaffleCodes.cs") state(2)
Script is not up to date after domain reload: guid(9ab5f91c30a51fc14154ec0efcbd631b) path("Packages/com.pz.studio.generated/Runtime/Highrise.Lua.Generated/PetFollowBehavior.cs") state(2)
Script is not up to date after domain reload: guid(e80e363405be0fa18068b96b69f58e1d) path("Packages/com.pz.studio.generated/Runtime/Highrise.Lua.Generated/SceneLoader.cs") state(2)
Script is not up to date after domain reload: guid(089e0259ca672e31f13d141fe7a01518) path("Packages/com.pz.studio.generated/Runtime/Highrise.Lua.Generated/PromoCodes.cs") state(2)
Script is not up to date after domain reload: guid(666fc88857ee24916285b389069be423) path("Packages/com.pz.studio.generated/Runtime/Highrise.Lua.Generated/SideScrollerCamera.cs") state(2)
Script is not up to date after domain reload: guid(7fde7d5a71305df1b37dceb43c289ce4) path("Packages/com.pz.studio.generated/Runtime/Highrise.Lua.Generated/TeleporterObject.cs") state(2)
Refreshing native plugins compatible for Editor in 6.14 ms, found 5 plugins.
Preloading 0 native plugins for Editor in 0.00 ms.
Unloading 7519 Unused Serialized files (Serialized files now loaded: 0)
Unloading 127 unused Assets / (0.7 MB). Loaded Objects now: 8518.
Memory consumption went from 301.5 MB to 300.8 MB.
Total: 14.845416 ms (FindLiveObjects: 0.393041 ms CreateObjectMapping: 0.255042 ms MarkObjects: 12.710542 ms  DeleteObjects: 1.486375 ms)

Prepare: number of updated asset objects reloaded= 0
AssetImportParameters requested are different than current active one (requested -> active):
  custom:container-demuxer-ogg: 62fdf1f143b41e24485cea50d1cbac27 -> 
  custom:video-decoder-webm-vp8: 9c59270c3fd7afecdb556c50c9e8de78 -> 
  custom:SearchIndexIgnoredProperties: e643bd26f0fe6173181afceb89e7c659 -> 
  custom:audio-encoder-webm-vorbis: bf7c407c2cedff20999df2af8eb42d56 -> 
  custom:video-decoder-ogg-theora: a1e56fd34408186e4bbccfd4996cb3dc -> 
  custom:framework-osx-AVFoundation: e770b220cccbd017edd2c1fefb359320 -> 
  custom:container-muxer-webm: aa71ff27fc2769a1b78a27578f13a17b -> 
  custom:AudioImporter_EditorPlatform: 3918e3fc78b5a79bad01e8451be0beb8 -> 
  custom:audio-decoder-ogg-vorbis: bf7c407c2cedff20999df2af8eb42d56 -> 
  custom:CustomObjectIndexerAttribute: 72b91833f83ae208fae7752999fa3104 -> 
  custom:container-demuxer-webm: 4f35f7cbe854078d1ac9338744f61a02 -> 
  custom:video-encoder-webm-vp8: eb34c28f22e8b96e1ab97ce403110664 -> 
========================================================================
Received Import Request.
  Time since last request: 84551.393692 seconds.
  path: Assets/Scenes/AnnPlazaRTS/Lightmap-15_comp_dir.png
  artifactKey: Guid(021fba2a590fc4a6a83decb177e5a658) Importer(815301076,1909f56bfc062723c751e8b465ee728b)
Start importing Assets/Scenes/AnnPlazaRTS/Lightmap-15_comp_dir.png using Guid(021fba2a590fc4a6a83decb177e5a658) Importer(815301076,1909f56bfc062723c751e8b465ee728b)  -> (artifact id: '588e992354ea745377031da6c0f4faeb') in 0.091404 seconds
Number of updated asset objects reloaded before import = 0
Number of asset objects unloaded after import = 2
========================================================================
Received Import Request.
  Time since last request: 0.049485 seconds.
  path: Assets/Scenes/AnnPlazaRTS/Lightmap-17_comp_dir.png
  artifactKey: Guid(9ba4e28c2ba2d4204b9eb2052f5bffa2) Importer(815301076,1909f56bfc062723c751e8b465ee728b)
Start importing Assets/Scenes/AnnPlazaRTS/Lightmap-17_comp_dir.png using Guid(9ba4e28c2ba2d4204b9eb2052f5bffa2) Importer(815301076,1909f56bfc062723c751e8b465ee728b)  -> (artifact id: 'c3db677e87c90b2f521798ce3ca6f6cd') in 0.008852 seconds
Number of updated asset objects reloaded before import = 0
Number of asset objects unloaded after import = 2
========================================================================
Received Import Request.
  Time since last request: 0.037836 seconds.
  path: Assets/Scenes/AnnPlazaRTS/Lightmap-21_comp_dir.png
  artifactKey: Guid(7d093300e027848439027fdc09761e56) Importer(815301076,1909f56bfc062723c751e8b465ee728b)
Start importing Assets/Scenes/AnnPlazaRTS/Lightmap-21_comp_dir.png using Guid(7d093300e027848439027fdc09761e56) Importer(815301076,1909f56bfc062723c751e8b465ee728b)  -> (artifact id: 'b0d80fe14bac69ac09e4e7258db48266') in 0.007956 seconds
Number of updated asset objects reloaded before import = 0
Number of asset objects unloaded after import = 2
========================================================================
Received Import Request.
  Time since last request: 0.054379 seconds.
  path: Assets/Scenes/AnnPlazaRTS/Lightmap-20_comp_dir.png
  artifactKey: Guid(760abcda225594e5da79d0c022ad00fd) Importer(815301076,1909f56bfc062723c751e8b465ee728b)
Start importing Assets/Scenes/AnnPlazaRTS/Lightmap-20_comp_dir.png using Guid(760abcda225594e5da79d0c022ad00fd) Importer(815301076,1909f56bfc062723c751e8b465ee728b)  -> (artifact id: '540d545e587d7281d7473f79c7226ee7') in 0.005289 seconds
Number of updated asset objects reloaded before import = 0
Number of asset objects unloaded after import = 2
========================================================================
Received Import Request.
  Time since last request: 0.031820 seconds.
  path: Assets/Scenes/AnnPlazaRTS/Lightmap-18_comp_light.exr
  artifactKey: Guid(188cf876e0ce945729bfb7e57eccd185) Importer(815301076,1909f56bfc062723c751e8b465ee728b)
Start importing Assets/Scenes/AnnPlazaRTS/Lightmap-18_comp_light.exr using Guid(188cf876e0ce945729bfb7e57eccd185) Importer(815301076,1909f56bfc062723c751e8b465ee728b)  -> (artifact id: 'fc9fc428708841e2ca89177e52b31b9c') in 0.012467 seconds
Number of updated asset objects reloaded before import = 0
Number of asset objects unloaded after import = 2
========================================================================
Received Import Request.
  Time since last request: 0.008085 seconds.
  path: Assets/Scenes/AnnPlazaRTS/Lightmap-21_comp_light.exr
  artifactKey: Guid(aa9f53dcc56fd4d0eb8b576474d8125a) Importer(815301076,1909f56bfc062723c751e8b465ee728b)
Start importing Assets/Scenes/AnnPlazaRTS/Lightmap-21_comp_light.exr using Guid(aa9f53dcc56fd4d0eb8b576474d8125a) Importer(815301076,1909f56bfc062723c751e8b465ee728b)  -> (artifact id: '9a7679a2b47067fc61d2cec2f4366006') in 0.005585 seconds
Number of updated asset objects reloaded before import = 0
Number of asset objects unloaded after import = 2
========================================================================
Received Import Request.
  Time since last request: 0.027680 seconds.
  path: Assets/Scenes/AnnPlazaRTS/Lightmap-19_comp_dir.png
  artifactKey: Guid(17ed553c6ceda48d781d2ee4faa3844b) Importer(815301076,1909f56bfc062723c751e8b465ee728b)
Start importing Assets/Scenes/AnnPlazaRTS/Lightmap-19_comp_dir.png using Guid(17ed553c6ceda48d781d2ee4faa3844b) Importer(815301076,1909f56bfc062723c751e8b465ee728b)  -> (artifact id: 'ac7b9673bdfe62feb095a56aa7356727') in 0.005304 seconds
Number of updated asset objects reloaded before import = 0
Number of asset objects unloaded after import = 2
========================================================================
Received Import Request.
  Time since last request: 0.004479 seconds.
  path: Assets/Scenes/AnnPlazaRTS/Lightmap-18_comp_dir.png
  artifactKey: Guid(04f934052bb964f6c891be67de23f5aa) Importer(815301076,1909f56bfc062723c751e8b465ee728b)
Start importing Assets/Scenes/AnnPlazaRTS/Lightmap-18_comp_dir.png using Guid(04f934052bb964f6c891be67de23f5aa) Importer(815301076,1909f56bfc062723c751e8b465ee728b)  -> (artifact id: 'aa338d64c0d958bcb7d803bf2db749e9') in 0.004643 seconds
Number of updated asset objects reloaded before import = 0
Number of asset objects unloaded after import = 2
========================================================================
Received Prepare
Begin MonoManager ReloadAssembly
Thread 0x313847000 may have been prematurely finalized
Symbol file LoadedFromMemory is not a mono symbol file
- Loaded All Assemblies, in  0.415 seconds
Refreshing native plugins compatible for Editor in 4.09 ms, found 5 plugins.
Native extension for OSXStandalone target not found
[Package Manager] Server::EnsureServerProcessIsRunning -- launch failed, reason: Unity was launched with the -noUpm command-line argument
[Package Manager] UpmClient::Send -- Unable to send message (not connected to UPM process).
[Package Manager] Cannot connect to Unity Package Manager local server
[MODES] ModeService[none].Initialize
[MODES] ModeService[none].LoadModes
[MODES] Loading mode Default (0) for mode-current-id-HighriseWorld
Mono: successfully reloaded assembly
- Finished resetting the current domain, in  1.411 seconds
Domain Reload Profiling: 1827ms
	BeginReloadAssembly (117ms)
		ExecutionOrderSort (0ms)
		DisableScriptedObjects (3ms)
		BackupInstance (0ms)
		ReleaseScriptingObjects (0ms)
		CreateAndSetChildDomain (59ms)
	RebuildCommonClasses (19ms)
	RebuildNativeTypeToScriptingClass (10ms)
	initialDomainReloadingComplete (18ms)
	LoadAllAssembliesAndSetupDomain (252ms)
		LoadAssemblies (226ms)
		RebuildTransferFunctionScriptingTraits (0ms)
		AnalyzeDomain (53ms)
			TypeCache.Refresh (14ms)
				TypeCache.ScanAssembly (1ms)
			ScanForSourceGeneratedMonoScriptInfo (28ms)
			ResolveRequiredComponents (10ms)
	FinalizeReload (1411ms)
		ReleaseScriptCaches (0ms)
		RebuildScriptCaches (0ms)
		SetupLoadedEditorAssemblies (507ms)
			LogAssemblyErrors (0ms)
			InitializePlatformSupportModulesInManaged (5ms)
			SetLoadedEditorAssemblies (6ms)
			RefreshPlugins (0ms)
			BeforeProcessingInitializeOnLoad (59ms)
			ProcessInitializeOnLoadAttributes (298ms)
			ProcessInitializeOnLoadMethodAttributes (139ms)
			AfterProcessingInitializeOnLoad (1ms)
			EditorAssembliesLoaded (0ms)
		ExecutionOrderSort2 (0ms)
		AwakeInstancesAfterBackupRestoration (46ms)
Refreshing native plugins compatible for Editor in 5.16 ms, found 5 plugins.
Preloading 0 native plugins for Editor in 0.00 ms.
Unloading 7608 Unused Serialized files (Serialized files now loaded: 0)
Unloading 127 unused Assets / (0.7 MB). Loaded Objects now: 8739.
Memory consumption went from 319.0 MB to 318.3 MB.
Total: 13.967083 ms (FindLiveObjects: 0.332333 ms CreateObjectMapping: 0.552959 ms MarkObjects: 12.504458 ms  DeleteObjects: 0.576875 ms)

Prepare: number of updated asset objects reloaded= 7
AssetImportParameters requested are different than current active one (requested -> active):
  custom:container-demuxer-ogg: 62fdf1f143b41e24485cea50d1cbac27 -> 
  custom:video-decoder-webm-vp8: 9c59270c3fd7afecdb556c50c9e8de78 -> 
  custom:SearchIndexIgnoredProperties: e643bd26f0fe6173181afceb89e7c659 -> 
  custom:audio-encoder-webm-vorbis: bf7c407c2cedff20999df2af8eb42d56 -> 
  custom:video-decoder-ogg-theora: a1e56fd34408186e4bbccfd4996cb3dc -> 
  custom:framework-osx-AVFoundation: e770b220cccbd017edd2c1fefb359320 -> 
  custom:container-muxer-webm: aa71ff27fc2769a1b78a27578f13a17b -> 
  custom:AudioImporter_EditorPlatform: 3918e3fc78b5a79bad01e8451be0beb8 -> 
  custom:audio-decoder-ogg-vorbis: bf7c407c2cedff20999df2af8eb42d56 -> 
  custom:CustomObjectIndexerAttribute: 72b91833f83ae208fae7752999fa3104 -> 
  custom:container-demuxer-webm: 4f35f7cbe854078d1ac9338744f61a02 -> 
  custom:video-encoder-webm-vp8: eb34c28f22e8b96e1ab97ce403110664 -> 
========================================================================
Received Import Request.
  Time since last request: 56.575846 seconds.
  path: Assets/Textures/EventAndGrabBanners/05.01.2025_EventHUD.png
  artifactKey: Guid(cab401f22b6a443379f321cc9cba979f) Importer(815301076,1909f56bfc062723c751e8b465ee728b)
Start importing Assets/Textures/EventAndGrabBanners/05.01.2025_EventHUD.png using Guid(cab401f22b6a443379f321cc9cba979f) Importer(815301076,1909f56bfc062723c751e8b465ee728b)  -> (artifact id: 'c0653fb012699fee673626b1ad7ca070') in 0.099578 seconds
Number of updated asset objects reloaded before import = 7
Number of asset objects unloaded after import = 3
========================================================================
Received Import Request.
  Time since last request: 0.000076 seconds.
  path: Assets/Textures/EventAndGrabBanners/05.08.2025_GrabBanner.png
  artifactKey: Guid(6349068bde0084146828232447f27884) Importer(815301076,1909f56bfc062723c751e8b465ee728b)
Start importing Assets/Textures/EventAndGrabBanners/05.08.2025_GrabBanner.png using Guid(6349068bde0084146828232447f27884) Importer(815301076,1909f56bfc062723c751e8b465ee728b)  -> (artifact id: 'c62f5537c186ac27d128836d201188f8') in 0.008364 seconds
Number of updated asset objects reloaded before import = 0
Number of asset objects unloaded after import = 3
========================================================================
Received Import Request.
  Time since last request: 0.000034 seconds.
  path: Assets/Textures/EventAndGrabBanners/05.08.2025_EventHUD.png
  artifactKey: Guid(c01183c58e5474b8a9e01d5756785e64) Importer(815301076,1909f56bfc062723c751e8b465ee728b)
Start importing Assets/Textures/EventAndGrabBanners/05.08.2025_EventHUD.png using Guid(c01183c58e5474b8a9e01d5756785e64) Importer(815301076,1909f56bfc062723c751e8b465ee728b)  -> (artifact id: 'd8d968af76880f3de08fec65f8715126') in 0.007114 seconds
Number of updated asset objects reloaded before import = 0
Number of asset objects unloaded after import = 3
========================================================================
Received Import Request.
  Time since last request: 0.000052 seconds.
  path: Assets/Textures/EventAndGrabBanners/05.15.2025_GrabBanner.png
  artifactKey: Guid(5162ffd6170544608bf5e217c9988b3a) Importer(815301076,1909f56bfc062723c751e8b465ee728b)
Start importing Assets/Textures/EventAndGrabBanners/05.15.2025_GrabBanner.png using Guid(5162ffd6170544608bf5e217c9988b3a) Importer(815301076,1909f56bfc062723c751e8b465ee728b)  -> (artifact id: '51a32f1656d84f053bd11736d9636c38') in 0.007453 seconds
Number of updated asset objects reloaded before import = 0
Number of asset objects unloaded after import = 3
========================================================================
Received Import Request.
  Time since last request: 92.468157 seconds.
  path: Assets/Scripts/GeneralHUD.lua
  artifactKey: Guid(31b578fb31ab87843bac9dac50f29527) Importer(815301076,1909f56bfc062723c751e8b465ee728b)
Start importing Assets/Scripts/GeneralHUD.lua using Guid(31b578fb31ab87843bac9dac50f29527) Importer(815301076,1909f56bfc062723c751e8b465ee728b)  -> (artifact id: 'cc38e7101fb95f740523698c3e687871') in 0.004242 seconds
Number of updated asset objects reloaded before import = 0
Number of asset objects unloaded after import = 0
========================================================================
Received Import Request.
  Time since last request: 0.000320 seconds.
  path: Assets/Scripts/RTSTeleportScript.lua
  artifactKey: Guid(92e57175a8eb04311b4ad93a02ebe244) Importer(815301076,1909f56bfc062723c751e8b465ee728b)
Start importing Assets/Scripts/RTSTeleportScript.lua using Guid(92e57175a8eb04311b4ad93a02ebe244) Importer(815301076,1909f56bfc062723c751e8b465ee728b)  -> (artifact id: '8b2ec5638dda3002ece7ed841ad6a4fd') in 0.002004 seconds
Number of updated asset objects reloaded before import = 0
Number of asset objects unloaded after import = 1
========================================================================
Received Import Request.
  Time since last request: 0.002136 seconds.
  path: Assets/Scripts/HRLive_ScriptableObject.lua
  artifactKey: Guid(af13bcdc730f242c0a6701194b971b13) Importer(815301076,1909f56bfc062723c751e8b465ee728b)
Start importing Assets/Scripts/HRLive_ScriptableObject.lua using Guid(af13bcdc730f242c0a6701194b971b13) Importer(815301076,1909f56bfc062723c751e8b465ee728b)  -> (artifact id: 'd24ea7cce4eb7b9433400de922ab3a3a') in 0.002552 seconds
Number of updated asset objects reloaded before import = 0
Number of asset objects unloaded after import = 2
========================================================================
Received Import Request.
  Time since last request: 0.000114 seconds.
  path: Assets/Scripts/HRLive_ScriptableObject.asset
  artifactKey: Guid(e5a90fe0dfd054c9e98542a1289a9a86) Importer(815301076,1909f56bfc062723c751e8b465ee728b)
Start importing Assets/Scripts/HRLive_ScriptableObject.asset using Guid(e5a90fe0dfd054c9e98542a1289a9a86) Importer(815301076,1909f56bfc062723c751e8b465ee728b)  -> (artifact id: '5fe0592047cc6b00479f125affe5f125') in 0.046501 seconds
Number of updated asset objects reloaded before import = 0
Number of asset objects unloaded after import = 18
